# Logfile created on 2014-01-03 12:32:05 +0000 by logger.rb/44203
I, [2014-01-03T12:32:05.745107 #26216]  INFO -- : 0:  rake (10.1.1) from /usr/local/lib/ruby/gems/2.1.0/specifications/rake-10.1.1.gemspec
I, [2014-01-03T12:32:06.858655 #26216]  INFO -- : 0:  diff-lcs (1.2.5) from /usr/local/lib/ruby/gems/2.1.0/specifications/diff-lcs-1.2.5.gemspec
I, [2014-01-03T12:32:08.156682 #26216]  INFO -- : 0:  rspec-core (2.14.7) from /usr/local/lib/ruby/gems/2.1.0/specifications/rspec-core-2.14.7.gemspec
I, [2014-01-03T12:32:09.317272 #26216]  INFO -- : 0:  rspec-expectations (2.14.4) from /usr/local/lib/ruby/gems/2.1.0/specifications/rspec-expectations-2.14.4.gemspec
I, [2014-01-03T12:32:10.496285 #26216]  INFO -- : 0:  rspec-mocks (2.14.4) from /usr/local/lib/ruby/gems/2.1.0/specifications/rspec-mocks-2.14.4.gemspec
I, [2014-01-03T12:32:10.500056 #26216]  INFO -- : 0:  rspec (2.14.1) from /usr/local/lib/ruby/gems/2.1.0/specifications/rspec-2.14.1.gemspec
I, [2014-01-03T12:32:10.500310 #26216]  INFO -- : 0:  bundler (1.5.1) from /usr/local/lib/ruby/gems/2.1.0/specifications/bundler-1.5.1.gemspec
I, [2014-01-14T18:14:13.351010 #4951]  INFO -- : 0:  rake (10.1.1) from /usr/local/lib/ruby/gems/2.1.0/specifications/rake-10.1.1.gemspec
I, [2014-01-14T18:14:13.377395 #4951]  INFO -- : 0:  timers (1.1.0) from /usr/local/lib/ruby/gems/2.1.0/specifications/timers-1.1.0.gemspec
I, [2014-01-14T18:14:13.377622 #4951]  INFO -- : 0:  celluloid (0.15.2) from /usr/local/lib/ruby/gems/2.1.0/specifications/celluloid-0.15.2.gemspec
I, [2014-01-14T18:14:13.377838 #4951]  INFO -- : 0:  coderay (1.1.0) from /usr/local/lib/ruby/gems/2.1.0/specifications/coderay-1.1.0.gemspec
I, [2014-01-14T18:14:13.378031 #4951]  INFO -- : 0:  diff-lcs (1.2.5) from /usr/local/lib/ruby/gems/2.1.0/specifications/diff-lcs-1.2.5.gemspec
I, [2014-01-14T18:14:13.378219 #4951]  INFO -- : 0:  ffi (1.9.3) from /usr/local/lib/ruby/gems/2.1.0/specifications/ffi-1.9.3.gemspec
I, [2014-01-14T18:14:13.378448 #4951]  INFO -- : 0:  formatador (0.2.4) from /usr/local/lib/ruby/gems/2.1.0/specifications/formatador-0.2.4.gemspec
I, [2014-01-14T18:14:13.378650 #4951]  INFO -- : 0:  rb-fsevent (0.9.4) from /usr/local/lib/ruby/gems/2.1.0/specifications/rb-fsevent-0.9.4.gemspec
I, [2014-01-14T18:14:13.378851 #4951]  INFO -- : 0:  rb-inotify (0.9.3) from /usr/local/lib/ruby/gems/2.1.0/specifications/rb-inotify-0.9.3.gemspec
I, [2014-01-14T18:14:13.379057 #4951]  INFO -- : 0:  listen (2.4.0) from /usr/local/lib/ruby/gems/2.1.0/specifications/listen-2.4.0.gemspec
I, [2014-01-14T18:14:13.379272 #4951]  INFO -- : 0:  lumberjack (1.0.4) from /usr/local/lib/ruby/gems/2.1.0/specifications/lumberjack-1.0.4.gemspec
I, [2014-01-14T18:14:13.379483 #4951]  INFO -- : 0:  method_source (0.8.2) from /usr/local/lib/ruby/gems/2.1.0/specifications/method_source-0.8.2.gemspec
I, [2014-01-14T18:14:13.379689 #4951]  INFO -- : 0:  slop (3.4.7) from /usr/local/lib/ruby/gems/2.1.0/specifications/slop-3.4.7.gemspec
I, [2014-01-14T18:14:13.379944 #4951]  INFO -- : 0:  pry (0.9.12.4) from /usr/local/lib/ruby/gems/2.1.0/specifications/pry-0.9.12.4.gemspec
I, [2014-01-14T18:14:13.380158 #4951]  INFO -- : 0:  thor (0.18.1) from /usr/local/lib/ruby/gems/2.1.0/specifications/thor-0.18.1.gemspec
I, [2014-01-14T18:14:13.380360 #4951]  INFO -- : 0:  guard (2.2.5) from /usr/local/lib/ruby/gems/2.1.0/specifications/guard-2.2.5.gemspec
I, [2014-01-14T18:14:13.380603 #4951]  INFO -- : 0:  rspec-core (2.14.7) from /usr/local/lib/ruby/gems/2.1.0/specifications/rspec-core-2.14.7.gemspec
I, [2014-01-14T18:14:13.380826 #4951]  INFO -- : 0:  rspec-expectations (2.14.4) from /usr/local/lib/ruby/gems/2.1.0/specifications/rspec-expectations-2.14.4.gemspec
I, [2014-01-14T18:14:13.381063 #4951]  INFO -- : 0:  rspec-mocks (2.14.4) from /usr/local/lib/ruby/gems/2.1.0/specifications/rspec-mocks-2.14.4.gemspec
I, [2014-01-14T18:14:13.381265 #4951]  INFO -- : 0:  rspec (2.14.1) from /usr/local/lib/ruby/gems/2.1.0/specifications/rspec-2.14.1.gemspec
I, [2014-01-14T18:14:13.381532 #4951]  INFO -- : 0:  bundler (1.5.1) from /usr/local/lib/ruby/gems/2.1.0/specifications/bundler-1.5.1.gemspec
I, [2014-01-14T20:54:01.706599 #9238]  INFO -- : 0:  rake (10.1.1) from /usr/local/lib/ruby/gems/2.1.0/specifications/rake-10.1.1.gemspec
I, [2014-01-14T20:54:01.706858 #9238]  INFO -- : 0:  timers (1.1.0) from /usr/local/lib/ruby/gems/2.1.0/specifications/timers-1.1.0.gemspec
I, [2014-01-14T20:54:01.707051 #9238]  INFO -- : 0:  celluloid (0.15.2) from /usr/local/lib/ruby/gems/2.1.0/specifications/celluloid-0.15.2.gemspec
I, [2014-01-14T20:54:01.707219 #9238]  INFO -- : 0:  coderay (1.1.0) from /usr/local/lib/ruby/gems/2.1.0/specifications/coderay-1.1.0.gemspec
I, [2014-01-14T20:54:01.707386 #9238]  INFO -- : 0:  daemons (1.1.9) from /usr/local/lib/ruby/gems/2.1.0/specifications/daemons-1.1.9.gemspec
I, [2014-01-14T20:54:01.707563 #9238]  INFO -- : 0:  diff-lcs (1.2.5) from /usr/local/lib/ruby/gems/2.1.0/specifications/diff-lcs-1.2.5.gemspec
I, [2014-01-14T20:54:01.707727 #9238]  INFO -- : 0:  ffi (1.9.3) from /usr/local/lib/ruby/gems/2.1.0/specifications/ffi-1.9.3.gemspec
I, [2014-01-14T20:54:01.707922 #9238]  INFO -- : 0:  formatador (0.2.4) from /usr/local/lib/ruby/gems/2.1.0/specifications/formatador-0.2.4.gemspec
I, [2014-01-14T20:54:01.708092 #9238]  INFO -- : 0:  rb-fsevent (0.9.4) from /usr/local/lib/ruby/gems/2.1.0/specifications/rb-fsevent-0.9.4.gemspec
I, [2014-01-14T20:54:01.708281 #9238]  INFO -- : 0:  rb-inotify (0.9.3) from /usr/local/lib/ruby/gems/2.1.0/specifications/rb-inotify-0.9.3.gemspec
I, [2014-01-14T20:54:01.708452 #9238]  INFO -- : 0:  listen (2.4.0) from /usr/local/lib/ruby/gems/2.1.0/specifications/listen-2.4.0.gemspec
I, [2014-01-14T20:54:01.708631 #9238]  INFO -- : 0:  lumberjack (1.0.4) from /usr/local/lib/ruby/gems/2.1.0/specifications/lumberjack-1.0.4.gemspec
I, [2014-01-14T20:54:01.708793 #9238]  INFO -- : 0:  method_source (0.8.2) from /usr/local/lib/ruby/gems/2.1.0/specifications/method_source-0.8.2.gemspec
I, [2014-01-14T20:54:01.708962 #9238]  INFO -- : 0:  slop (3.4.7) from /usr/local/lib/ruby/gems/2.1.0/specifications/slop-3.4.7.gemspec
I, [2014-01-14T20:54:01.709124 #9238]  INFO -- : 0:  pry (0.9.12.4) from /usr/local/lib/ruby/gems/2.1.0/specifications/pry-0.9.12.4.gemspec
I, [2014-01-14T20:54:01.709285 #9238]  INFO -- : 0:  thor (0.18.1) from /usr/local/lib/ruby/gems/2.1.0/specifications/thor-0.18.1.gemspec
I, [2014-01-14T20:54:01.709445 #9238]  INFO -- : 0:  guard (2.2.5) from /usr/local/lib/ruby/gems/2.1.0/specifications/guard-2.2.5.gemspec
I, [2014-01-14T20:54:01.709618 #9238]  INFO -- : 0:  rspec-core (2.14.7) from /usr/local/lib/ruby/gems/2.1.0/specifications/rspec-core-2.14.7.gemspec
I, [2014-01-14T20:54:01.709783 #9238]  INFO -- : 0:  rspec-expectations (2.14.4) from /usr/local/lib/ruby/gems/2.1.0/specifications/rspec-expectations-2.14.4.gemspec
I, [2014-01-14T20:54:01.709958 #9238]  INFO -- : 0:  rspec-mocks (2.14.4) from /usr/local/lib/ruby/gems/2.1.0/specifications/rspec-mocks-2.14.4.gemspec
I, [2014-01-14T20:54:01.710137 #9238]  INFO -- : 0:  rspec (2.14.1) from /usr/local/lib/ruby/gems/2.1.0/specifications/rspec-2.14.1.gemspec
I, [2014-01-14T20:54:01.710312 #9238]  INFO -- : 0:  guard-rspec (4.2.4) from /usr/local/lib/ruby/gems/2.1.0/specifications/guard-rspec-4.2.4.gemspec
I, [2014-01-14T20:54:01.710484 #9238]  INFO -- : 0:  bundler (1.5.1) from /usr/local/lib/ruby/gems/2.1.0/specifications/bundler-1.5.1.gemspec
I, [2014-01-14T20:54:11.897463 #9389]  INFO -- : 0:  rake (10.1.1) from /usr/local/lib/ruby/gems/2.1.0/specifications/rake-10.1.1.gemspec
I, [2014-01-14T20:54:11.897765 #9389]  INFO -- : 0:  timers (1.1.0) from /usr/local/lib/ruby/gems/2.1.0/specifications/timers-1.1.0.gemspec
I, [2014-01-14T20:54:11.898007 #9389]  INFO -- : 0:  celluloid (0.15.2) from /usr/local/lib/ruby/gems/2.1.0/specifications/celluloid-0.15.2.gemspec
I, [2014-01-14T20:54:11.898211 #9389]  INFO -- : 0:  coderay (1.1.0) from /usr/local/lib/ruby/gems/2.1.0/specifications/coderay-1.1.0.gemspec
I, [2014-01-14T20:54:11.898419 #9389]  INFO -- : 0:  daemons (1.1.9) from /usr/local/lib/ruby/gems/2.1.0/specifications/daemons-1.1.9.gemspec
I, [2014-01-14T20:54:11.898615 #9389]  INFO -- : 0:  diff-lcs (1.2.5) from /usr/local/lib/ruby/gems/2.1.0/specifications/diff-lcs-1.2.5.gemspec
I, [2014-01-14T20:54:11.898809 #9389]  INFO -- : 0:  ffi (1.9.3) from /usr/local/lib/ruby/gems/2.1.0/specifications/ffi-1.9.3.gemspec
I, [2014-01-14T20:54:11.899008 #9389]  INFO -- : 0:  formatador (0.2.4) from /usr/local/lib/ruby/gems/2.1.0/specifications/formatador-0.2.4.gemspec
I, [2014-01-14T20:54:11.899190 #9389]  INFO -- : 0:  rb-fsevent (0.9.4) from /usr/local/lib/ruby/gems/2.1.0/specifications/rb-fsevent-0.9.4.gemspec
I, [2014-01-14T20:54:11.899368 #9389]  INFO -- : 0:  rb-inotify (0.9.3) from /usr/local/lib/ruby/gems/2.1.0/specifications/rb-inotify-0.9.3.gemspec
I, [2014-01-14T20:54:11.899543 #9389]  INFO -- : 0:  listen (2.4.0) from /usr/local/lib/ruby/gems/2.1.0/specifications/listen-2.4.0.gemspec
I, [2014-01-14T20:54:11.899739 #9389]  INFO -- : 0:  lumberjack (1.0.4) from /usr/local/lib/ruby/gems/2.1.0/specifications/lumberjack-1.0.4.gemspec
I, [2014-01-14T20:54:11.899989 #9389]  INFO -- : 0:  method_source (0.8.2) from /usr/local/lib/ruby/gems/2.1.0/specifications/method_source-0.8.2.gemspec
I, [2014-01-14T20:54:11.900174 #9389]  INFO -- : 0:  slop (3.4.7) from /usr/local/lib/ruby/gems/2.1.0/specifications/slop-3.4.7.gemspec
I, [2014-01-14T20:54:11.900365 #9389]  INFO -- : 0:  pry (0.9.12.4) from /usr/local/lib/ruby/gems/2.1.0/specifications/pry-0.9.12.4.gemspec
I, [2014-01-14T20:54:11.900542 #9389]  INFO -- : 0:  thor (0.18.1) from /usr/local/lib/ruby/gems/2.1.0/specifications/thor-0.18.1.gemspec
I, [2014-01-14T20:54:11.900730 #9389]  INFO -- : 0:  guard (2.2.5) from /usr/local/lib/ruby/gems/2.1.0/specifications/guard-2.2.5.gemspec
I, [2014-01-14T20:54:11.900911 #9389]  INFO -- : 0:  rspec-core (2.14.7) from /usr/local/lib/ruby/gems/2.1.0/specifications/rspec-core-2.14.7.gemspec
I, [2014-01-14T20:54:11.901099 #9389]  INFO -- : 0:  rspec-expectations (2.14.4) from /usr/local/lib/ruby/gems/2.1.0/specifications/rspec-expectations-2.14.4.gemspec
I, [2014-01-14T20:54:11.901289 #9389]  INFO -- : 0:  rspec-mocks (2.14.4) from /usr/local/lib/ruby/gems/2.1.0/specifications/rspec-mocks-2.14.4.gemspec
I, [2014-01-14T20:54:11.901468 #9389]  INFO -- : 0:  rspec (2.14.1) from /usr/local/lib/ruby/gems/2.1.0/specifications/rspec-2.14.1.gemspec
I, [2014-01-14T20:54:11.901648 #9389]  INFO -- : 0:  guard-rspec (4.2.4) from /usr/local/lib/ruby/gems/2.1.0/specifications/guard-rspec-4.2.4.gemspec
I, [2014-01-14T20:54:11.901825 #9389]  INFO -- : 0:  bundler (1.5.1) from /usr/local/lib/ruby/gems/2.1.0/specifications/bundler-1.5.1.gemspec
I, [2014-01-15T11:33:22.205188 #31425]  INFO -- : 0:  rake (10.1.1) from /usr/local/lib/ruby/gems/2.1.0/specifications/rake-10.1.1.gemspec
I, [2014-01-15T11:33:22.205449 #31425]  INFO -- : 0:  timers (1.1.0) from /usr/local/lib/ruby/gems/2.1.0/specifications/timers-1.1.0.gemspec
I, [2014-01-15T11:33:22.205648 #31425]  INFO -- : 0:  celluloid (0.15.2) from /usr/local/lib/ruby/gems/2.1.0/specifications/celluloid-0.15.2.gemspec
I, [2014-01-15T11:33:22.205854 #31425]  INFO -- : 0:  coderay (1.1.0) from /usr/local/lib/ruby/gems/2.1.0/specifications/coderay-1.1.0.gemspec
I, [2014-01-15T11:33:22.206060 #31425]  INFO -- : 0:  diff-lcs (1.2.5) from /usr/local/lib/ruby/gems/2.1.0/specifications/diff-lcs-1.2.5.gemspec
I, [2014-01-15T11:33:22.206244 #31425]  INFO -- : 0:  ffi (1.9.3) from /usr/local/lib/ruby/gems/2.1.0/specifications/ffi-1.9.3.gemspec
I, [2014-01-15T11:33:22.206444 #31425]  INFO -- : 0:  formatador (0.2.4) from /usr/local/lib/ruby/gems/2.1.0/specifications/formatador-0.2.4.gemspec
I, [2014-01-15T11:33:22.206615 #31425]  INFO -- : 0:  rb-fsevent (0.9.4) from /usr/local/lib/ruby/gems/2.1.0/specifications/rb-fsevent-0.9.4.gemspec
I, [2014-01-15T11:33:22.206802 #31425]  INFO -- : 0:  rb-inotify (0.9.3) from /usr/local/lib/ruby/gems/2.1.0/specifications/rb-inotify-0.9.3.gemspec
I, [2014-01-15T11:33:22.206970 #31425]  INFO -- : 0:  listen (2.4.0) from /usr/local/lib/ruby/gems/2.1.0/specifications/listen-2.4.0.gemspec
I, [2014-01-15T11:33:22.207148 #31425]  INFO -- : 0:  lumberjack (1.0.4) from /usr/local/lib/ruby/gems/2.1.0/specifications/lumberjack-1.0.4.gemspec
I, [2014-01-15T11:33:22.207327 #31425]  INFO -- : 0:  method_source (0.8.2) from /usr/local/lib/ruby/gems/2.1.0/specifications/method_source-0.8.2.gemspec
I, [2014-01-15T11:33:22.207497 #31425]  INFO -- : 0:  slop (3.4.7) from /usr/local/lib/ruby/gems/2.1.0/specifications/slop-3.4.7.gemspec
I, [2014-01-15T11:33:22.207695 #31425]  INFO -- : 0:  pry (0.9.12.4) from /usr/local/lib/ruby/gems/2.1.0/specifications/pry-0.9.12.4.gemspec
I, [2014-01-15T11:33:22.207869 #31425]  INFO -- : 0:  thor (0.18.1) from /usr/local/lib/ruby/gems/2.1.0/specifications/thor-0.18.1.gemspec
I, [2014-01-15T11:33:22.208061 #31425]  INFO -- : 0:  guard (2.2.5) from /usr/local/lib/ruby/gems/2.1.0/specifications/guard-2.2.5.gemspec
I, [2014-01-15T11:33:22.208216 #31425]  INFO -- : 0:  rspec-core (2.14.7) from /usr/local/lib/ruby/gems/2.1.0/specifications/rspec-core-2.14.7.gemspec
I, [2014-01-15T11:33:22.208379 #31425]  INFO -- : 0:  rspec-expectations (2.14.4) from /usr/local/lib/ruby/gems/2.1.0/specifications/rspec-expectations-2.14.4.gemspec
I, [2014-01-15T11:33:22.208550 #31425]  INFO -- : 0:  rspec-mocks (2.14.4) from /usr/local/lib/ruby/gems/2.1.0/specifications/rspec-mocks-2.14.4.gemspec
I, [2014-01-15T11:33:22.208702 #31425]  INFO -- : 0:  rspec (2.14.1) from /usr/local/lib/ruby/gems/2.1.0/specifications/rspec-2.14.1.gemspec
I, [2014-01-15T11:33:22.208853 #31425]  INFO -- : 0:  guard-rspec (4.2.4) from /usr/local/lib/ruby/gems/2.1.0/specifications/guard-rspec-4.2.4.gemspec
I, [2014-01-15T11:33:22.209010 #31425]  INFO -- : 0:  bundler (1.5.1) from /usr/local/lib/ruby/gems/2.1.0/specifications/bundler-1.5.1.gemspec
I, [2014-04-28T10:28:18.104314 #540]  INFO -- : 0:  rake (10.1.1) from /usr/local/lib/ruby/gems/2.1.0/specifications/rake-10.1.1.gemspec
I, [2014-04-28T10:28:18.115223 #540]  INFO -- : 0:  timers (1.1.0) from /usr/local/lib/ruby/gems/2.1.0/specifications/timers-1.1.0.gemspec
I, [2014-04-28T10:28:18.115436 #540]  INFO -- : 0:  celluloid (0.15.2) from /usr/local/lib/ruby/gems/2.1.0/specifications/celluloid-0.15.2.gemspec
I, [2014-04-28T10:28:18.115628 #540]  INFO -- : 0:  coderay (1.1.0) from /usr/local/lib/ruby/gems/2.1.0/specifications/coderay-1.1.0.gemspec
I, [2014-04-28T10:28:18.115822 #540]  INFO -- : 0:  diff-lcs (1.2.5) from /usr/local/lib/ruby/gems/2.1.0/specifications/diff-lcs-1.2.5.gemspec
I, [2014-04-28T10:28:18.116007 #540]  INFO -- : 0:  ffi (1.9.3) from /usr/local/lib/ruby/gems/2.1.0/specifications/ffi-1.9.3.gemspec
I, [2014-04-28T10:28:18.116269 #540]  INFO -- : 0:  formatador (0.2.4) from /usr/local/lib/ruby/gems/2.1.0/specifications/formatador-0.2.4.gemspec
I, [2014-04-28T10:28:18.116474 #540]  INFO -- : 0:  rb-fsevent (0.9.4) from /usr/local/lib/ruby/gems/2.1.0/specifications/rb-fsevent-0.9.4.gemspec
I, [2014-04-28T10:28:18.116676 #540]  INFO -- : 0:  rb-inotify (0.9.3) from /usr/local/lib/ruby/gems/2.1.0/specifications/rb-inotify-0.9.3.gemspec
I, [2014-04-28T10:28:18.116869 #540]  INFO -- : 0:  listen (2.4.0) from /usr/local/lib/ruby/gems/2.1.0/specifications/listen-2.4.0.gemspec
I, [2014-04-28T10:28:18.117076 #540]  INFO -- : 0:  lumberjack (1.0.4) from /usr/local/lib/ruby/gems/2.1.0/specifications/lumberjack-1.0.4.gemspec
I, [2014-04-28T10:28:18.117258 #540]  INFO -- : 0:  method_source (0.8.2) from /usr/local/lib/ruby/gems/2.1.0/specifications/method_source-0.8.2.gemspec
I, [2014-04-28T10:28:18.117454 #540]  INFO -- : 0:  slop (3.4.7) from /usr/local/lib/ruby/gems/2.1.0/specifications/slop-3.4.7.gemspec
I, [2014-04-28T10:28:18.117646 #540]  INFO -- : 0:  pry (0.9.12.4) from /usr/local/lib/ruby/gems/2.1.0/specifications/pry-0.9.12.4.gemspec
I, [2014-04-28T10:28:18.117888 #540]  INFO -- : 0:  thor (0.18.1) from /usr/local/lib/ruby/gems/2.1.0/specifications/thor-0.18.1.gemspec
I, [2014-04-28T10:28:18.118082 #540]  INFO -- : 0:  guard (2.2.5) from /usr/local/lib/ruby/gems/2.1.0/specifications/guard-2.2.5.gemspec
I, [2014-04-28T10:28:18.118285 #540]  INFO -- : 0:  rspec-core (2.14.7) from /usr/local/lib/ruby/gems/2.1.0/specifications/rspec-core-2.14.7.gemspec
I, [2014-04-28T10:28:18.118482 #540]  INFO -- : 0:  rspec-expectations (2.14.4) from /usr/local/lib/ruby/gems/2.1.0/specifications/rspec-expectations-2.14.4.gemspec
I, [2014-04-28T10:28:18.118684 #540]  INFO -- : 0:  rspec-mocks (2.14.4) from /usr/local/lib/ruby/gems/2.1.0/specifications/rspec-mocks-2.14.4.gemspec
I, [2014-04-28T10:28:18.118874 #540]  INFO -- : 0:  rspec (2.14.1) from /usr/local/lib/ruby/gems/2.1.0/specifications/rspec-2.14.1.gemspec
I, [2014-04-28T10:28:18.119084 #540]  INFO -- : 0:  guard-rspec (4.2.4) from /usr/local/lib/ruby/gems/2.1.0/specifications/guard-rspec-4.2.4.gemspec
I, [2014-04-28T10:28:18.119276 #540]  INFO -- : 0:  sunra_config (0.0.5) from /usr/local/lib/ruby/gems/2.1.0/specifications/sunra_config-0.0.5.gemspec
I, [2014-04-28T10:28:18.119448 #540]  INFO -- : 0:  bundler (1.5.1) from /usr/local/lib/ruby/gems/2.1.0/specifications/bundler-1.5.1.gemspec
I, [2014-04-28T10:33:34.611766 #7536]  INFO -- : 0:  rake (10.3.1) from /usr/local/lib/ruby/gems/2.1.0/specifications/rake-10.3.1.gemspec
I, [2014-04-28T10:33:34.612032 #7536]  INFO -- : 0:  timers (1.1.0) from /usr/local/lib/ruby/gems/2.1.0/specifications/timers-1.1.0.gemspec
I, [2014-04-28T10:33:34.612228 #7536]  INFO -- : 0:  celluloid (0.15.2) from /usr/local/lib/ruby/gems/2.1.0/specifications/celluloid-0.15.2.gemspec
I, [2014-04-28T10:33:34.612406 #7536]  INFO -- : 0:  nio4r (1.0.0) from /usr/local/lib/ruby/gems/2.1.0/specifications/nio4r-1.0.0.gemspec
I, [2014-04-28T10:33:34.612583 #7536]  INFO -- : 0:  celluloid-io (0.15.0) from /usr/local/lib/ruby/gems/2.1.0/specifications/celluloid-io-0.15.0.gemspec
I, [2014-04-28T10:33:34.612755 #7536]  INFO -- : 0:  coderay (1.1.0) from /usr/local/lib/ruby/gems/2.1.0/specifications/coderay-1.1.0.gemspec
I, [2014-04-28T10:33:34.612923 #7536]  INFO -- : 0:  diff-lcs (1.2.5) from /usr/local/lib/ruby/gems/2.1.0/specifications/diff-lcs-1.2.5.gemspec
I, [2014-04-28T10:33:34.613093 #7536]  INFO -- : 0:  ffi (1.9.3) from /usr/local/lib/ruby/gems/2.1.0/specifications/ffi-1.9.3.gemspec
I, [2014-04-28T10:33:34.613263 #7536]  INFO -- : 0:  formatador (0.2.4) from /usr/local/lib/ruby/gems/2.1.0/specifications/formatador-0.2.4.gemspec
I, [2014-04-28T10:33:34.613438 #7536]  INFO -- : 0:  rb-fsevent (0.9.4) from /usr/local/lib/ruby/gems/2.1.0/specifications/rb-fsevent-0.9.4.gemspec
I, [2014-04-28T10:33:35.683783 #7536]  INFO -- : 0:  rb-inotify (0.9.4) from /usr/local/lib/ruby/gems/2.1.0/specifications/rb-inotify-0.9.4.gemspec
I, [2014-04-28T10:33:36.734867 #7536]  INFO -- : 0:  listen (2.7.3) from /usr/local/lib/ruby/gems/2.1.0/specifications/listen-2.7.3.gemspec
I, [2014-04-28T10:33:36.736726 #7536]  INFO -- : 0:  lumberjack (1.0.5) from /usr/local/lib/ruby/gems/2.1.0/specifications/lumberjack-1.0.5.gemspec
I, [2014-04-28T10:33:36.736932 #7536]  INFO -- : 0:  method_source (0.8.2) from /usr/local/lib/ruby/gems/2.1.0/specifications/method_source-0.8.2.gemspec
I, [2014-04-28T10:33:36.737125 #7536]  INFO -- : 0:  slop (3.5.0) from /usr/local/lib/ruby/gems/2.1.0/specifications/slop-3.5.0.gemspec
I, [2014-04-28T10:33:36.737305 #7536]  INFO -- : 0:  pry (0.9.12.6) from /usr/local/lib/ruby/gems/2.1.0/specifications/pry-0.9.12.6.gemspec
I, [2014-04-28T10:33:36.737484 #7536]  INFO -- : 0:  thor (0.19.1) from /usr/local/lib/ruby/gems/2.1.0/specifications/thor-0.19.1.gemspec
I, [2014-04-28T10:33:36.737661 #7536]  INFO -- : 0:  guard (2.6.0) from /usr/local/lib/ruby/gems/2.1.0/specifications/guard-2.6.0.gemspec
I, [2014-04-28T10:33:36.737838 #7536]  INFO -- : 0:  rspec-core (2.14.8) from /usr/local/lib/ruby/gems/2.1.0/specifications/rspec-core-2.14.8.gemspec
I, [2014-04-28T10:33:36.738034 #7536]  INFO -- : 0:  rspec-expectations (2.14.5) from /usr/local/lib/ruby/gems/2.1.0/specifications/rspec-expectations-2.14.5.gemspec
I, [2014-04-28T10:33:36.738199 #7536]  INFO -- : 0:  rspec-mocks (2.14.6) from /usr/local/lib/ruby/gems/2.1.0/specifications/rspec-mocks-2.14.6.gemspec
I, [2014-04-28T10:33:36.738367 #7536]  INFO -- : 0:  rspec (2.14.1) from /usr/local/lib/ruby/gems/2.1.0/specifications/rspec-2.14.1.gemspec
I, [2014-04-28T10:33:36.738550 #7536]  INFO -- : 0:  guard-rspec (4.2.8) from /usr/local/lib/ruby/gems/2.1.0/specifications/guard-rspec-4.2.8.gemspec
I, [2014-04-28T10:33:36.738728 #7536]  INFO -- : 0:  sunra_config (0.0.8) from /usr/local/lib/ruby/gems/2.1.0/specifications/sunra_config-0.0.8.gemspec
I, [2014-04-28T10:33:36.738900 #7536]  INFO -- : 0:  bundler (1.5.1) from /usr/local/lib/ruby/gems/2.1.0/specifications/bundler-1.5.1.gemspec
I, [2014-04-28T16:30:23.925448 #11507]  INFO -- : 0:  rake (10.3.1) from /usr/local/lib/ruby/gems/2.1.0/specifications/rake-10.3.1.gemspec
I, [2014-04-28T16:30:23.925713 #11507]  INFO -- : 0:  timers (1.1.0) from /usr/local/lib/ruby/gems/2.1.0/specifications/timers-1.1.0.gemspec
I, [2014-04-28T16:30:23.925905 #11507]  INFO -- : 0:  celluloid (0.15.2) from /usr/local/lib/ruby/gems/2.1.0/specifications/celluloid-0.15.2.gemspec
I, [2014-04-28T16:30:23.926100 #11507]  INFO -- : 0:  nio4r (1.0.0) from /usr/local/lib/ruby/gems/2.1.0/specifications/nio4r-1.0.0.gemspec
I, [2014-04-28T16:30:23.926284 #11507]  INFO -- : 0:  celluloid-io (0.15.0) from /usr/local/lib/ruby/gems/2.1.0/specifications/celluloid-io-0.15.0.gemspec
I, [2014-04-28T16:30:23.926477 #11507]  INFO -- : 0:  coderay (1.1.0) from /usr/local/lib/ruby/gems/2.1.0/specifications/coderay-1.1.0.gemspec
I, [2014-04-28T16:30:23.926682 #11507]  INFO -- : 0:  diff-lcs (1.2.5) from /usr/local/lib/ruby/gems/2.1.0/specifications/diff-lcs-1.2.5.gemspec
I, [2014-04-28T16:30:23.926878 #11507]  INFO -- : 0:  ffi (1.9.3) from /usr/local/lib/ruby/gems/2.1.0/specifications/ffi-1.9.3.gemspec
I, [2014-04-28T16:30:23.927073 #11507]  INFO -- : 0:  formatador (0.2.4) from /usr/local/lib/ruby/gems/2.1.0/specifications/formatador-0.2.4.gemspec
I, [2014-04-28T16:30:23.927268 #11507]  INFO -- : 0:  rb-fsevent (0.9.4) from /usr/local/lib/ruby/gems/2.1.0/specifications/rb-fsevent-0.9.4.gemspec
I, [2014-04-28T16:30:23.927452 #11507]  INFO -- : 0:  rb-inotify (0.9.4) from /usr/local/lib/ruby/gems/2.1.0/specifications/rb-inotify-0.9.4.gemspec
I, [2014-04-28T16:30:23.927651 #11507]  INFO -- : 0:  listen (2.7.3) from /usr/local/lib/ruby/gems/2.1.0/specifications/listen-2.7.3.gemspec
I, [2014-04-28T16:30:23.927846 #11507]  INFO -- : 0:  lumberjack (1.0.5) from /usr/local/lib/ruby/gems/2.1.0/specifications/lumberjack-1.0.5.gemspec
I, [2014-04-28T16:30:23.928026 #11507]  INFO -- : 0:  method_source (0.8.2) from /usr/local/lib/ruby/gems/2.1.0/specifications/method_source-0.8.2.gemspec
I, [2014-04-28T16:30:23.928247 #11507]  INFO -- : 0:  slop (3.5.0) from /usr/local/lib/ruby/gems/2.1.0/specifications/slop-3.5.0.gemspec
I, [2014-04-28T16:30:23.928430 #11507]  INFO -- : 0:  pry (0.9.12.6) from /usr/local/lib/ruby/gems/2.1.0/specifications/pry-0.9.12.6.gemspec
I, [2014-04-28T16:30:23.928635 #11507]  INFO -- : 0:  thor (0.19.1) from /usr/local/lib/ruby/gems/2.1.0/specifications/thor-0.19.1.gemspec
I, [2014-04-28T16:30:23.928821 #11507]  INFO -- : 0:  guard (2.6.0) from /usr/local/lib/ruby/gems/2.1.0/specifications/guard-2.6.0.gemspec
I, [2014-04-28T16:30:23.929007 #11507]  INFO -- : 0:  rspec-core (2.14.8) from /usr/local/lib/ruby/gems/2.1.0/specifications/rspec-core-2.14.8.gemspec
I, [2014-04-28T16:30:23.929213 #11507]  INFO -- : 0:  rspec-expectations (2.14.5) from /usr/local/lib/ruby/gems/2.1.0/specifications/rspec-expectations-2.14.5.gemspec
I, [2014-04-28T16:30:23.929410 #11507]  INFO -- : 0:  rspec-mocks (2.14.6) from /usr/local/lib/ruby/gems/2.1.0/specifications/rspec-mocks-2.14.6.gemspec
I, [2014-04-28T16:30:23.929592 #11507]  INFO -- : 0:  rspec (2.14.1) from /usr/local/lib/ruby/gems/2.1.0/specifications/rspec-2.14.1.gemspec
I, [2014-04-28T16:30:23.929778 #11507]  INFO -- : 0:  guard-rspec (4.2.8) from /usr/local/lib/ruby/gems/2.1.0/specifications/guard-rspec-4.2.8.gemspec
I, [2014-04-28T16:30:23.929991 #11507]  INFO -- : 0:  sunra_config (0.0.8) from /usr/local/lib/ruby/gems/2.1.0/specifications/sunra_config-0.0.8.gemspec
I, [2014-04-28T16:30:23.930158 #11507]  INFO -- : 0:  bundler (1.5.1) from /usr/local/lib/ruby/gems/2.1.0/specifications/bundler-1.5.1.gemspec
I, [2014-04-28T16:31:09.102481 #12239]  INFO -- : 0:  rake (10.3.1) from /usr/local/lib/ruby/gems/2.1.0/specifications/rake-10.3.1.gemspec
I, [2014-04-28T16:31:09.102752 #12239]  INFO -- : 0:  timers (1.1.0) from /usr/local/lib/ruby/gems/2.1.0/specifications/timers-1.1.0.gemspec
I, [2014-04-28T16:31:09.102971 #12239]  INFO -- : 0:  celluloid (0.15.2) from /usr/local/lib/ruby/gems/2.1.0/specifications/celluloid-0.15.2.gemspec
I, [2014-04-28T16:31:09.103168 #12239]  INFO -- : 0:  nio4r (1.0.0) from /usr/local/lib/ruby/gems/2.1.0/specifications/nio4r-1.0.0.gemspec
I, [2014-04-28T16:31:09.103352 #12239]  INFO -- : 0:  celluloid-io (0.15.0) from /usr/local/lib/ruby/gems/2.1.0/specifications/celluloid-io-0.15.0.gemspec
I, [2014-04-28T16:31:09.103524 #12239]  INFO -- : 0:  coderay (1.1.0) from /usr/local/lib/ruby/gems/2.1.0/specifications/coderay-1.1.0.gemspec
I, [2014-04-28T16:31:09.103699 #12239]  INFO -- : 0:  diff-lcs (1.2.5) from /usr/local/lib/ruby/gems/2.1.0/specifications/diff-lcs-1.2.5.gemspec
I, [2014-04-28T16:31:09.103853 #12239]  INFO -- : 0:  ffi (1.9.3) from /usr/local/lib/ruby/gems/2.1.0/specifications/ffi-1.9.3.gemspec
I, [2014-04-28T16:31:09.104038 #12239]  INFO -- : 0:  formatador (0.2.4) from /usr/local/lib/ruby/gems/2.1.0/specifications/formatador-0.2.4.gemspec
I, [2014-04-28T16:31:09.104275 #12239]  INFO -- : 0:  rb-fsevent (0.9.4) from /usr/local/lib/ruby/gems/2.1.0/specifications/rb-fsevent-0.9.4.gemspec
I, [2014-04-28T16:31:09.104452 #12239]  INFO -- : 0:  rb-inotify (0.9.4) from /usr/local/lib/ruby/gems/2.1.0/specifications/rb-inotify-0.9.4.gemspec
I, [2014-04-28T16:31:09.104633 #12239]  INFO -- : 0:  listen (2.7.3) from /usr/local/lib/ruby/gems/2.1.0/specifications/listen-2.7.3.gemspec
I, [2014-04-28T16:31:09.104813 #12239]  INFO -- : 0:  lumberjack (1.0.5) from /usr/local/lib/ruby/gems/2.1.0/specifications/lumberjack-1.0.5.gemspec
I, [2014-04-28T16:31:09.104987 #12239]  INFO -- : 0:  method_source (0.8.2) from /usr/local/lib/ruby/gems/2.1.0/specifications/method_source-0.8.2.gemspec
I, [2014-04-28T16:31:09.105162 #12239]  INFO -- : 0:  slop (3.5.0) from /usr/local/lib/ruby/gems/2.1.0/specifications/slop-3.5.0.gemspec
I, [2014-04-28T16:31:09.105337 #12239]  INFO -- : 0:  pry (0.9.12.6) from /usr/local/lib/ruby/gems/2.1.0/specifications/pry-0.9.12.6.gemspec
I, [2014-04-28T16:31:09.105512 #12239]  INFO -- : 0:  thor (0.19.1) from /usr/local/lib/ruby/gems/2.1.0/specifications/thor-0.19.1.gemspec
I, [2014-04-28T16:31:09.105690 #12239]  INFO -- : 0:  guard (2.6.0) from /usr/local/lib/ruby/gems/2.1.0/specifications/guard-2.6.0.gemspec
I, [2014-04-28T16:31:09.105869 #12239]  INFO -- : 0:  rspec-core (2.14.8) from /usr/local/lib/ruby/gems/2.1.0/specifications/rspec-core-2.14.8.gemspec
I, [2014-04-28T16:31:09.106122 #12239]  INFO -- : 0:  rspec-expectations (2.14.5) from /usr/local/lib/ruby/gems/2.1.0/specifications/rspec-expectations-2.14.5.gemspec
I, [2014-04-28T16:31:09.106296 #12239]  INFO -- : 0:  rspec-mocks (2.14.6) from /usr/local/lib/ruby/gems/2.1.0/specifications/rspec-mocks-2.14.6.gemspec
I, [2014-04-28T16:31:09.106465 #12239]  INFO -- : 0:  rspec (2.14.1) from /usr/local/lib/ruby/gems/2.1.0/specifications/rspec-2.14.1.gemspec
I, [2014-04-28T16:31:09.106638 #12239]  INFO -- : 0:  guard-rspec (4.2.8) from /usr/local/lib/ruby/gems/2.1.0/specifications/guard-rspec-4.2.8.gemspec
I, [2014-04-28T16:31:09.106816 #12239]  INFO -- : 0:  sunra_config (0.0.9) from /usr/local/lib/ruby/gems/2.1.0/specifications/sunra_config-0.0.9.gemspec
I, [2014-04-28T16:31:09.106968 #12239]  INFO -- : 0:  bundler (1.5.1) from /usr/local/lib/ruby/gems/2.1.0/specifications/bundler-1.5.1.gemspec
I, [2014-04-28T17:24:50.187376 #22829]  INFO -- : 0:  rake (10.3.1) from /usr/local/lib/ruby/gems/2.1.0/specifications/rake-10.3.1.gemspec
I, [2014-04-28T17:24:50.187634 #22829]  INFO -- : 0:  timers (1.1.0) from /usr/local/lib/ruby/gems/2.1.0/specifications/timers-1.1.0.gemspec
I, [2014-04-28T17:24:50.187816 #22829]  INFO -- : 0:  celluloid (0.15.2) from /usr/local/lib/ruby/gems/2.1.0/specifications/celluloid-0.15.2.gemspec
I, [2014-04-28T17:24:50.188001 #22829]  INFO -- : 0:  nio4r (1.0.0) from /usr/local/lib/ruby/gems/2.1.0/specifications/nio4r-1.0.0.gemspec
I, [2014-04-28T17:24:50.188231 #22829]  INFO -- : 0:  celluloid-io (0.15.0) from /usr/local/lib/ruby/gems/2.1.0/specifications/celluloid-io-0.15.0.gemspec
I, [2014-04-28T17:24:50.188386 #22829]  INFO -- : 0:  coderay (1.1.0) from /usr/local/lib/ruby/gems/2.1.0/specifications/coderay-1.1.0.gemspec
I, [2014-04-28T17:24:50.188575 #22829]  INFO -- : 0:  diff-lcs (1.2.5) from /usr/local/lib/ruby/gems/2.1.0/specifications/diff-lcs-1.2.5.gemspec
I, [2014-04-28T17:24:50.188742 #22829]  INFO -- : 0:  ffi (1.9.3) from /usr/local/lib/ruby/gems/2.1.0/specifications/ffi-1.9.3.gemspec
I, [2014-04-28T17:24:50.188927 #22829]  INFO -- : 0:  formatador (0.2.4) from /usr/local/lib/ruby/gems/2.1.0/specifications/formatador-0.2.4.gemspec
I, [2014-04-28T17:24:50.189176 #22829]  INFO -- : 0:  rb-fsevent (0.9.4) from /usr/local/lib/ruby/gems/2.1.0/specifications/rb-fsevent-0.9.4.gemspec
I, [2014-04-28T17:24:50.189362 #22829]  INFO -- : 0:  rb-inotify (0.9.4) from /usr/local/lib/ruby/gems/2.1.0/specifications/rb-inotify-0.9.4.gemspec
I, [2014-04-28T17:24:50.189541 #22829]  INFO -- : 0:  listen (2.7.3) from /usr/local/lib/ruby/gems/2.1.0/specifications/listen-2.7.3.gemspec
I, [2014-04-28T17:24:50.189737 #22829]  INFO -- : 0:  lumberjack (1.0.5) from /usr/local/lib/ruby/gems/2.1.0/specifications/lumberjack-1.0.5.gemspec
I, [2014-04-28T17:24:50.189930 #22829]  INFO -- : 0:  method_source (0.8.2) from /usr/local/lib/ruby/gems/2.1.0/specifications/method_source-0.8.2.gemspec
I, [2014-04-28T17:24:50.190106 #22829]  INFO -- : 0:  slop (3.5.0) from /usr/local/lib/ruby/gems/2.1.0/specifications/slop-3.5.0.gemspec
I, [2014-04-28T17:24:50.190283 #22829]  INFO -- : 0:  pry (0.9.12.6) from /usr/local/lib/ruby/gems/2.1.0/specifications/pry-0.9.12.6.gemspec
I, [2014-04-28T17:24:50.190457 #22829]  INFO -- : 0:  thor (0.19.1) from /usr/local/lib/ruby/gems/2.1.0/specifications/thor-0.19.1.gemspec
I, [2014-04-28T17:24:50.190635 #22829]  INFO -- : 0:  guard (2.6.0) from /usr/local/lib/ruby/gems/2.1.0/specifications/guard-2.6.0.gemspec
I, [2014-04-28T17:24:50.190883 #22829]  INFO -- : 0:  rspec-core (2.14.8) from /usr/local/lib/ruby/gems/2.1.0/specifications/rspec-core-2.14.8.gemspec
I, [2014-04-28T17:24:50.191056 #22829]  INFO -- : 0:  rspec-expectations (2.14.5) from /usr/local/lib/ruby/gems/2.1.0/specifications/rspec-expectations-2.14.5.gemspec
I, [2014-04-28T17:24:50.191228 #22829]  INFO -- : 0:  rspec-mocks (2.14.6) from /usr/local/lib/ruby/gems/2.1.0/specifications/rspec-mocks-2.14.6.gemspec
I, [2014-04-28T17:24:50.191396 #22829]  INFO -- : 0:  rspec (2.14.1) from /usr/local/lib/ruby/gems/2.1.0/specifications/rspec-2.14.1.gemspec
I, [2014-04-28T17:24:50.191567 #22829]  INFO -- : 0:  guard-rspec (4.2.8) from /usr/local/lib/ruby/gems/2.1.0/specifications/guard-rspec-4.2.8.gemspec
I, [2014-04-28T17:24:50.191746 #22829]  INFO -- : 0:  sunra_config (0.0.9) from /usr/local/lib/ruby/gems/2.1.0/specifications/sunra_config-0.0.9.gemspec
I, [2014-04-28T17:24:50.191936 #22829]  INFO -- : 0:  sunra_service (0.0.1) from /usr/local/lib/ruby/gems/2.1.0/specifications/sunra_service-0.0.1.gemspec
I, [2014-04-28T17:24:50.192103 #22829]  INFO -- : 0:  bundler (1.5.1) from /usr/local/lib/ruby/gems/2.1.0/specifications/bundler-1.5.1.gemspec
I, [2014-04-28T18:02:51.398700 #23913]  INFO -- : 0:  rake (10.3.1) from /usr/local/lib/ruby/gems/2.1.0/specifications/rake-10.3.1.gemspec
I, [2014-04-28T18:02:51.400633 #23913]  INFO -- : 0:  timers (1.1.0) from /usr/local/lib/ruby/gems/2.1.0/specifications/timers-1.1.0.gemspec
I, [2014-04-28T18:02:51.400881 #23913]  INFO -- : 0:  celluloid (0.15.2) from /usr/local/lib/ruby/gems/2.1.0/specifications/celluloid-0.15.2.gemspec
I, [2014-04-28T18:02:51.401056 #23913]  INFO -- : 0:  nio4r (1.0.0) from /usr/local/lib/ruby/gems/2.1.0/specifications/nio4r-1.0.0.gemspec
I, [2014-04-28T18:02:51.401267 #23913]  INFO -- : 0:  celluloid-io (0.15.0) from /usr/local/lib/ruby/gems/2.1.0/specifications/celluloid-io-0.15.0.gemspec
I, [2014-04-28T18:02:51.401484 #23913]  INFO -- : 0:  coderay (1.1.0) from /usr/local/lib/ruby/gems/2.1.0/specifications/coderay-1.1.0.gemspec
I, [2014-04-28T18:02:51.401672 #23913]  INFO -- : 0:  diff-lcs (1.2.5) from /usr/local/lib/ruby/gems/2.1.0/specifications/diff-lcs-1.2.5.gemspec
I, [2014-04-28T18:02:51.401879 #23913]  INFO -- : 0:  ffi (1.9.3) from /usr/local/lib/ruby/gems/2.1.0/specifications/ffi-1.9.3.gemspec
I, [2014-04-28T18:02:51.402087 #23913]  INFO -- : 0:  formatador (0.2.4) from /usr/local/lib/ruby/gems/2.1.0/specifications/formatador-0.2.4.gemspec
I, [2014-04-28T18:02:51.402285 #23913]  INFO -- : 0:  rb-fsevent (0.9.4) from /usr/local/lib/ruby/gems/2.1.0/specifications/rb-fsevent-0.9.4.gemspec
I, [2014-04-28T18:02:51.402479 #23913]  INFO -- : 0:  rb-inotify (0.9.4) from /usr/local/lib/ruby/gems/2.1.0/specifications/rb-inotify-0.9.4.gemspec
I, [2014-04-28T18:02:51.402687 #23913]  INFO -- : 0:  listen (2.7.3) from /usr/local/lib/ruby/gems/2.1.0/specifications/listen-2.7.3.gemspec
I, [2014-04-28T18:02:51.402878 #23913]  INFO -- : 0:  lumberjack (1.0.5) from /usr/local/lib/ruby/gems/2.1.0/specifications/lumberjack-1.0.5.gemspec
I, [2014-04-28T18:02:51.403053 #23913]  INFO -- : 0:  method_source (0.8.2) from /usr/local/lib/ruby/gems/2.1.0/specifications/method_source-0.8.2.gemspec
I, [2014-04-28T18:02:51.403251 #23913]  INFO -- : 0:  slop (3.5.0) from /usr/local/lib/ruby/gems/2.1.0/specifications/slop-3.5.0.gemspec
I, [2014-04-28T18:02:51.403472 #23913]  INFO -- : 0:  pry (0.9.12.6) from /usr/local/lib/ruby/gems/2.1.0/specifications/pry-0.9.12.6.gemspec
I, [2014-04-28T18:02:51.403664 #23913]  INFO -- : 0:  thor (0.19.1) from /usr/local/lib/ruby/gems/2.1.0/specifications/thor-0.19.1.gemspec
I, [2014-04-28T18:02:51.403877 #23913]  INFO -- : 0:  guard (2.6.0) from /usr/local/lib/ruby/gems/2.1.0/specifications/guard-2.6.0.gemspec
I, [2014-04-28T18:02:51.404084 #23913]  INFO -- : 0:  rspec-core (2.14.8) from /usr/local/lib/ruby/gems/2.1.0/specifications/rspec-core-2.14.8.gemspec
I, [2014-04-28T18:02:51.404289 #23913]  INFO -- : 0:  rspec-expectations (2.14.5) from /usr/local/lib/ruby/gems/2.1.0/specifications/rspec-expectations-2.14.5.gemspec
I, [2014-04-28T18:02:51.404479 #23913]  INFO -- : 0:  rspec-mocks (2.14.6) from /usr/local/lib/ruby/gems/2.1.0/specifications/rspec-mocks-2.14.6.gemspec
I, [2014-04-28T18:02:51.404649 #23913]  INFO -- : 0:  rspec (2.14.1) from /usr/local/lib/ruby/gems/2.1.0/specifications/rspec-2.14.1.gemspec
I, [2014-04-28T18:02:51.404830 #23913]  INFO -- : 0:  guard-rspec (4.2.8) from /usr/local/lib/ruby/gems/2.1.0/specifications/guard-rspec-4.2.8.gemspec
I, [2014-04-28T18:02:51.405030 #23913]  INFO -- : 0:  sunra_config (0.0.9) from /usr/local/lib/ruby/gems/2.1.0/specifications/sunra_config-0.0.9.gemspec
I, [2014-04-28T18:02:51.405238 #23913]  INFO -- : 0:  sunra_lockfile (0.0.1) from /usr/local/lib/ruby/gems/2.1.0/specifications/sunra_lockfile-0.0.1.gemspec
I, [2014-04-28T18:02:51.405413 #23913]  INFO -- : 0:  sunra_service (0.0.1) from /usr/local/lib/ruby/gems/2.1.0/specifications/sunra_service-0.0.1.gemspec
I, [2014-04-28T18:02:51.405568 #23913]  INFO -- : 0:  bundler (1.5.1) from /usr/local/lib/ruby/gems/2.1.0/specifications/bundler-1.5.1.gemspec
